<?xml version="1.0" encoding="UTF-8"?>
<!-- Generated by org.testng.reporters.JUnitXMLReporter -->
<testsuite ignored="0" hostname="Sangee_28" failures="0" tests="16" name="Default test" time="1201.635" errors="0" timestamp="2024-11-06T15:28:47 IST">
  <testcase classname="com.test.M9_PatientUserProfilePage" name="UserProfile_MyAppoinments" time="56.14"/>
  <testcase classname="com.test.M9_PatientUserProfilePage" name="UserProfile_Inbox" time="0.0"/>
  <testcase classname="com.test.M9_PatientUserProfilePage" name="UserProfile_Prescription" time="0.0"/>
  <testcase classname="com.test.M9_PatientUserProfilePage" name="UserProfile_Review" time="0.0"/>
  <testcase classname="com.test.M9_PatientUserProfilePage" name="UserProfile_Notification" time="0.0"/>
  <testcase classname="com.test.M9_PatientUserProfilePage" name="UserProfile_MyProfile_Name_WithoutName" time="184.775"/>
  <testcase classname="com.test.M9_PatientUserProfilePage" name="UserProfile_MyProfile_Name_With2Letters" time="0.0"/>
  <testcase classname="com.test.M9_PatientUserProfilePage" name="UserProfile_MyProfile_Name_WithSpecialCharacter" time="0.0"/>
  <testcase classname="com.test.M9_PatientUserProfilePage" name="UserProfile_MyProfile_Name_WithNumbers" time="0.002"/>
  <testcase classname="com.test.M9_PatientUserProfilePage" name="UserProfile_MyProfile_Name_ValidName" time="42.782"/>
  <testcase classname="com.test.M9_PatientUserProfilePage" name="UserProfile_MyProfile_Location" time="26.417"/>
  <testcase classname="com.test.M9_PatientUserProfilePage" name="UserProfile_MyProfile_Gender" time="20.528"/>
  <testcase classname="com.test.M9_PatientUserProfilePage" name="UserProfile_MyProfile_BloodGroup" time="19.989"/>
  <testcase classname="com.test.M9_PatientUserProfilePage" name="UserProfile_MyProfile_InsuranceProvider" time="0.0"/>
  <testcase classname="com.test.M9_PatientUserProfilePage" name="UserProfile_MyProfile_PolicyNumber" time="45.59"/>
  <testcase classname="com.test.M9_PatientUserProfilePage" name="UserProfile_MyProfile_DateOfBirth" time="17.938"/>
</testsuite> <!-- Default test -->
