<?xml version="1.0" encoding="UTF-8"?>
<testng-results ignored="0" total="16" passed="16" failed="0" skipped="0">
  <reporter-output>
  </reporter-output>
  <suite started-at="2024-11-06T15:08:45 IST" name="Default suite" finished-at="2024-11-06T15:28:47 IST" duration-ms="1201635">
    <groups>
    </groups>
    <test started-at="2024-11-06T15:08:45 IST" name="Default test" finished-at="2024-11-06T15:28:47 IST" duration-ms="1201635">
      <class name="com.test.M9_PatientUserProfilePage">
        <test-method is-config="true" signature="browserLaunch()[pri:0, instance:com.test.M9_PatientUserProfilePage@34123d65]" started-at="2024-11-06T15:08:45 IST" name="browserLaunch" finished-at="2024-11-06T15:08:55 IST" duration-ms="9733" status="PASS">
          <reporter-output>
          </reporter-output>
        </test-method> <!-- browserLaunch -->
        <test-method is-config="true" signature="login()[pri:0, instance:com.test.M9_PatientUserProfilePage@34123d65]" started-at="2024-11-06T15:08:55 IST" name="login" finished-at="2024-11-06T15:09:22 IST" duration-ms="27527" status="PASS">
          <reporter-output>
          </reporter-output>
        </test-method> <!-- login -->
        <test-method signature="UserProfile_MyAppoinments()[pri:2, instance:com.test.M9_PatientUserProfilePage@34123d65]" started-at="2024-11-06T15:09:22 IST" name="UserProfile_MyAppoinments" finished-at="2024-11-06T15:10:18 IST" duration-ms="56140" status="PASS">
          <reporter-output>
          </reporter-output>
        </test-method> <!-- UserProfile_MyAppoinments -->
        <test-method is-config="true" signature="logout()[pri:0, instance:com.test.M9_PatientUserProfilePage@34123d65]" started-at="2024-11-06T15:10:18 IST" name="logout" finished-at="2024-11-06T15:10:40 IST" duration-ms="21186" status="PASS">
          <reporter-output>
          </reporter-output>
        </test-method> <!-- logout -->
        <test-method is-config="true" signature="login()[pri:0, instance:com.test.M9_PatientUserProfilePage@34123d65]" started-at="2024-11-06T15:10:40 IST" name="login" finished-at="2024-11-06T15:11:07 IST" duration-ms="27290" status="PASS">
          <reporter-output>
          </reporter-output>
        </test-method> <!-- login -->
        <test-method signature="UserProfile_Inbox()[pri:3, instance:com.test.M9_PatientUserProfilePage@34123d65]" started-at="2024-11-06T15:11:07 IST" name="UserProfile_Inbox" finished-at="2024-11-06T15:11:07 IST" duration-ms="0" status="PASS">
          <reporter-output>
          </reporter-output>
        </test-method> <!-- UserProfile_Inbox -->
        <test-method is-config="true" signature="logout()[pri:0, instance:com.test.M9_PatientUserProfilePage@34123d65]" started-at="2024-11-06T15:11:07 IST" name="logout" finished-at="2024-11-06T15:11:28 IST" duration-ms="21235" status="PASS">
          <reporter-output>
          </reporter-output>
        </test-method> <!-- logout -->
        <test-method is-config="true" signature="login()[pri:0, instance:com.test.M9_PatientUserProfilePage@34123d65]" started-at="2024-11-06T15:11:28 IST" name="login" finished-at="2024-11-06T15:11:56 IST" duration-ms="27392" status="PASS">
          <reporter-output>
          </reporter-output>
        </test-method> <!-- login -->
        <test-method is-config="true" signature="logout()[pri:0, instance:com.test.M9_PatientUserProfilePage@34123d65]" started-at="2024-11-06T15:11:56 IST" name="logout" finished-at="2024-11-06T15:12:17 IST" duration-ms="21227" status="PASS">
          <reporter-output>
          </reporter-output>
        </test-method> <!-- logout -->
        <test-method signature="UserProfile_Prescription()[pri:4, instance:com.test.M9_PatientUserProfilePage@34123d65]" started-at="2024-11-06T15:11:56 IST" name="UserProfile_Prescription" finished-at="2024-11-06T15:11:56 IST" duration-ms="0" status="PASS">
          <reporter-output>
          </reporter-output>
        </test-method> <!-- UserProfile_Prescription -->
        <test-method is-config="true" signature="login()[pri:0, instance:com.test.M9_PatientUserProfilePage@34123d65]" started-at="2024-11-06T15:12:17 IST" name="login" finished-at="2024-11-06T15:12:44 IST" duration-ms="27266" status="PASS">
          <reporter-output>
          </reporter-output>
        </test-method> <!-- login -->
        <test-method signature="UserProfile_Review()[pri:5, instance:com.test.M9_PatientUserProfilePage@34123d65]" started-at="2024-11-06T15:12:44 IST" name="UserProfile_Review" finished-at="2024-11-06T15:12:44 IST" duration-ms="0" status="PASS">
          <reporter-output>
          </reporter-output>
        </test-method> <!-- UserProfile_Review -->
        <test-method is-config="true" signature="logout()[pri:0, instance:com.test.M9_PatientUserProfilePage@34123d65]" started-at="2024-11-06T15:12:44 IST" name="logout" finished-at="2024-11-06T15:13:05 IST" duration-ms="21220" status="PASS">
          <reporter-output>
          </reporter-output>
        </test-method> <!-- logout -->
        <test-method is-config="true" signature="login()[pri:0, instance:com.test.M9_PatientUserProfilePage@34123d65]" started-at="2024-11-06T15:13:05 IST" name="login" finished-at="2024-11-06T15:13:32 IST" duration-ms="27240" status="PASS">
          <reporter-output>
          </reporter-output>
        </test-method> <!-- login -->
        <test-method signature="UserProfile_Notification()[pri:6, instance:com.test.M9_PatientUserProfilePage@34123d65]" started-at="2024-11-06T15:13:32 IST" name="UserProfile_Notification" finished-at="2024-11-06T15:13:32 IST" duration-ms="0" status="PASS">
          <reporter-output>
          </reporter-output>
        </test-method> <!-- UserProfile_Notification -->
        <test-method is-config="true" signature="logout()[pri:0, instance:com.test.M9_PatientUserProfilePage@34123d65]" started-at="2024-11-06T15:13:32 IST" name="logout" finished-at="2024-11-06T15:13:54 IST" duration-ms="21211" status="PASS">
          <reporter-output>
          </reporter-output>
        </test-method> <!-- logout -->
        <test-method is-config="true" signature="login()[pri:0, instance:com.test.M9_PatientUserProfilePage@34123d65]" started-at="2024-11-06T15:13:54 IST" name="login" finished-at="2024-11-06T15:14:21 IST" duration-ms="27252" status="PASS">
          <reporter-output>
          </reporter-output>
        </test-method> <!-- login -->
        <test-method signature="UserProfile_MyProfile_Name_WithoutName()[pri:7, instance:com.test.M9_PatientUserProfilePage@34123d65]" started-at="2024-11-06T15:14:21 IST" name="UserProfile_MyProfile_Name_WithoutName" finished-at="2024-11-06T15:17:26 IST" duration-ms="184775" status="PASS">
          <reporter-output>
          </reporter-output>
        </test-method> <!-- UserProfile_MyProfile_Name_WithoutName -->
        <test-method is-config="true" signature="logout()[pri:0, instance:com.test.M9_PatientUserProfilePage@34123d65]" started-at="2024-11-06T15:17:26 IST" name="logout" finished-at="2024-11-06T15:17:47 IST" duration-ms="21185" status="PASS">
          <reporter-output>
          </reporter-output>
        </test-method> <!-- logout -->
        <test-method is-config="true" signature="login()[pri:0, instance:com.test.M9_PatientUserProfilePage@34123d65]" started-at="2024-11-06T15:17:47 IST" name="login" finished-at="2024-11-06T15:18:14 IST" duration-ms="27466" status="PASS">
          <reporter-output>
          </reporter-output>
        </test-method> <!-- login -->
        <test-method signature="UserProfile_MyProfile_Name_With2Letters()[pri:8, instance:com.test.M9_PatientUserProfilePage@34123d65]" started-at="2024-11-06T15:18:14 IST" name="UserProfile_MyProfile_Name_With2Letters" finished-at="2024-11-06T15:18:14 IST" duration-ms="0" status="PASS">
          <reporter-output>
          </reporter-output>
        </test-method> <!-- UserProfile_MyProfile_Name_With2Letters -->
        <test-method is-config="true" signature="logout()[pri:0, instance:com.test.M9_PatientUserProfilePage@34123d65]" started-at="2024-11-06T15:18:14 IST" name="logout" finished-at="2024-11-06T15:18:36 IST" duration-ms="21206" status="PASS">
          <reporter-output>
          </reporter-output>
        </test-method> <!-- logout -->
        <test-method is-config="true" signature="login()[pri:0, instance:com.test.M9_PatientUserProfilePage@34123d65]" started-at="2024-11-06T15:18:36 IST" name="login" finished-at="2024-11-06T15:19:03 IST" duration-ms="27367" status="PASS">
          <reporter-output>
          </reporter-output>
        </test-method> <!-- login -->
        <test-method is-config="true" signature="logout()[pri:0, instance:com.test.M9_PatientUserProfilePage@34123d65]" started-at="2024-11-06T15:19:03 IST" name="logout" finished-at="2024-11-06T15:19:24 IST" duration-ms="21206" status="PASS">
          <reporter-output>
          </reporter-output>
        </test-method> <!-- logout -->
        <test-method signature="UserProfile_MyProfile_Name_WithSpecialCharacter()[pri:9, instance:com.test.M9_PatientUserProfilePage@34123d65]" started-at="2024-11-06T15:19:03 IST" name="UserProfile_MyProfile_Name_WithSpecialCharacter" finished-at="2024-11-06T15:19:03 IST" duration-ms="0" status="PASS">
          <reporter-output>
          </reporter-output>
        </test-method> <!-- UserProfile_MyProfile_Name_WithSpecialCharacter -->
        <test-method is-config="true" signature="login()[pri:0, instance:com.test.M9_PatientUserProfilePage@34123d65]" started-at="2024-11-06T15:19:24 IST" name="login" finished-at="2024-11-06T15:19:51 IST" duration-ms="27299" status="PASS">
          <reporter-output>
          </reporter-output>
        </test-method> <!-- login -->
        <test-method signature="UserProfile_MyProfile_Name_WithNumbers()[pri:10, instance:com.test.M9_PatientUserProfilePage@34123d65]" started-at="2024-11-06T15:19:51 IST" name="UserProfile_MyProfile_Name_WithNumbers" finished-at="2024-11-06T15:19:51 IST" duration-ms="2" status="PASS">
          <reporter-output>
          </reporter-output>
        </test-method> <!-- UserProfile_MyProfile_Name_WithNumbers -->
        <test-method is-config="true" signature="logout()[pri:0, instance:com.test.M9_PatientUserProfilePage@34123d65]" started-at="2024-11-06T15:19:51 IST" name="logout" finished-at="2024-11-06T15:20:13 IST" duration-ms="21182" status="PASS">
          <reporter-output>
          </reporter-output>
        </test-method> <!-- logout -->
        <test-method is-config="true" signature="login()[pri:0, instance:com.test.M9_PatientUserProfilePage@34123d65]" started-at="2024-11-06T15:20:13 IST" name="login" finished-at="2024-11-06T15:20:40 IST" duration-ms="27290" status="PASS">
          <reporter-output>
          </reporter-output>
        </test-method> <!-- login -->
        <test-method signature="UserProfile_MyProfile_Name_ValidName()[pri:11, instance:com.test.M9_PatientUserProfilePage@34123d65]" started-at="2024-11-06T15:20:40 IST" name="UserProfile_MyProfile_Name_ValidName" finished-at="2024-11-06T15:21:23 IST" duration-ms="42782" status="PASS">
          <reporter-output>
          </reporter-output>
        </test-method> <!-- UserProfile_MyProfile_Name_ValidName -->
        <test-method is-config="true" signature="logout()[pri:0, instance:com.test.M9_PatientUserProfilePage@34123d65]" started-at="2024-11-06T15:21:23 IST" name="logout" finished-at="2024-11-06T15:21:44 IST" duration-ms="21198" status="PASS">
          <reporter-output>
          </reporter-output>
        </test-method> <!-- logout -->
        <test-method is-config="true" signature="login()[pri:0, instance:com.test.M9_PatientUserProfilePage@34123d65]" started-at="2024-11-06T15:21:44 IST" name="login" finished-at="2024-11-06T15:22:11 IST" duration-ms="27395" status="PASS">
          <reporter-output>
          </reporter-output>
        </test-method> <!-- login -->
        <test-method signature="UserProfile_MyProfile_Location()[pri:12, instance:com.test.M9_PatientUserProfilePage@34123d65]" started-at="2024-11-06T15:22:11 IST" name="UserProfile_MyProfile_Location" finished-at="2024-11-06T15:22:38 IST" duration-ms="26417" status="PASS">
          <reporter-output>
          </reporter-output>
        </test-method> <!-- UserProfile_MyProfile_Location -->
        <test-method is-config="true" signature="logout()[pri:0, instance:com.test.M9_PatientUserProfilePage@34123d65]" started-at="2024-11-06T15:22:38 IST" name="logout" finished-at="2024-11-06T15:22:59 IST" duration-ms="21234" status="PASS">
          <reporter-output>
          </reporter-output>
        </test-method> <!-- logout -->
        <test-method is-config="true" signature="login()[pri:0, instance:com.test.M9_PatientUserProfilePage@34123d65]" started-at="2024-11-06T15:22:59 IST" name="login" finished-at="2024-11-06T15:23:26 IST" duration-ms="27377" status="PASS">
          <reporter-output>
          </reporter-output>
        </test-method> <!-- login -->
        <test-method signature="UserProfile_MyProfile_Gender()[pri:13, instance:com.test.M9_PatientUserProfilePage@34123d65]" started-at="2024-11-06T15:23:26 IST" name="UserProfile_MyProfile_Gender" finished-at="2024-11-06T15:23:47 IST" duration-ms="20528" status="PASS">
          <reporter-output>
          </reporter-output>
        </test-method> <!-- UserProfile_MyProfile_Gender -->
        <test-method is-config="true" signature="logout()[pri:0, instance:com.test.M9_PatientUserProfilePage@34123d65]" started-at="2024-11-06T15:23:47 IST" name="logout" finished-at="2024-11-06T15:24:08 IST" duration-ms="21209" status="PASS">
          <reporter-output>
          </reporter-output>
        </test-method> <!-- logout -->
        <test-method is-config="true" signature="login()[pri:0, instance:com.test.M9_PatientUserProfilePage@34123d65]" started-at="2024-11-06T15:24:08 IST" name="login" finished-at="2024-11-06T15:24:35 IST" duration-ms="27301" status="PASS">
          <reporter-output>
          </reporter-output>
        </test-method> <!-- login -->
        <test-method signature="UserProfile_MyProfile_BloodGroup()[pri:14, instance:com.test.M9_PatientUserProfilePage@34123d65]" started-at="2024-11-06T15:24:35 IST" name="UserProfile_MyProfile_BloodGroup" finished-at="2024-11-06T15:24:55 IST" duration-ms="19989" status="PASS">
          <reporter-output>
          </reporter-output>
        </test-method> <!-- UserProfile_MyProfile_BloodGroup -->
        <test-method is-config="true" signature="logout()[pri:0, instance:com.test.M9_PatientUserProfilePage@34123d65]" started-at="2024-11-06T15:24:55 IST" name="logout" finished-at="2024-11-06T15:25:17 IST" duration-ms="21193" status="PASS">
          <reporter-output>
          </reporter-output>
        </test-method> <!-- logout -->
        <test-method is-config="true" signature="login()[pri:0, instance:com.test.M9_PatientUserProfilePage@34123d65]" started-at="2024-11-06T15:25:17 IST" name="login" finished-at="2024-11-06T15:25:44 IST" duration-ms="27357" status="PASS">
          <reporter-output>
          </reporter-output>
        </test-method> <!-- login -->
        <test-method is-config="true" signature="logout()[pri:0, instance:com.test.M9_PatientUserProfilePage@34123d65]" started-at="2024-11-06T15:25:44 IST" name="logout" finished-at="2024-11-06T15:26:05 IST" duration-ms="21181" status="PASS">
          <reporter-output>
          </reporter-output>
        </test-method> <!-- logout -->
        <test-method signature="UserProfile_MyProfile_InsuranceProvider()[pri:15, instance:com.test.M9_PatientUserProfilePage@34123d65]" started-at="2024-11-06T15:25:44 IST" name="UserProfile_MyProfile_InsuranceProvider" finished-at="2024-11-06T15:25:44 IST" duration-ms="0" status="PASS">
          <reporter-output>
          </reporter-output>
        </test-method> <!-- UserProfile_MyProfile_InsuranceProvider -->
        <test-method is-config="true" signature="login()[pri:0, instance:com.test.M9_PatientUserProfilePage@34123d65]" started-at="2024-11-06T15:26:05 IST" name="login" finished-at="2024-11-06T15:26:32 IST" duration-ms="27299" status="PASS">
          <reporter-output>
          </reporter-output>
        </test-method> <!-- login -->
        <test-method signature="UserProfile_MyProfile_PolicyNumber()[pri:16, instance:com.test.M9_PatientUserProfilePage@34123d65]" started-at="2024-11-06T15:26:32 IST" name="UserProfile_MyProfile_PolicyNumber" finished-at="2024-11-06T15:27:18 IST" duration-ms="45590" status="PASS">
          <reporter-output>
          </reporter-output>
        </test-method> <!-- UserProfile_MyProfile_PolicyNumber -->
        <test-method is-config="true" signature="logout()[pri:0, instance:com.test.M9_PatientUserProfilePage@34123d65]" started-at="2024-11-06T15:27:18 IST" name="logout" finished-at="2024-11-06T15:27:39 IST" duration-ms="21191" status="PASS">
          <reporter-output>
          </reporter-output>
        </test-method> <!-- logout -->
        <test-method is-config="true" signature="login()[pri:0, instance:com.test.M9_PatientUserProfilePage@34123d65]" started-at="2024-11-06T15:27:39 IST" name="login" finished-at="2024-11-06T15:28:07 IST" duration-ms="27413" status="PASS">
          <reporter-output>
          </reporter-output>
        </test-method> <!-- login -->
        <test-method signature="UserProfile_MyProfile_DateOfBirth()[pri:17, instance:com.test.M9_PatientUserProfilePage@34123d65]" started-at="2024-11-06T15:28:07 IST" name="UserProfile_MyProfile_DateOfBirth" finished-at="2024-11-06T15:28:25 IST" duration-ms="17938" status="PASS">
          <reporter-output>
          </reporter-output>
        </test-method> <!-- UserProfile_MyProfile_DateOfBirth -->
        <test-method is-config="true" signature="logout()[pri:0, instance:com.test.M9_PatientUserProfilePage@34123d65]" started-at="2024-11-06T15:28:25 IST" name="logout" finished-at="2024-11-06T15:28:46 IST" duration-ms="21191" status="PASS">
          <reporter-output>
          </reporter-output>
        </test-method> <!-- logout -->
        <test-method is-config="true" signature="closewindow()[pri:0, instance:com.test.M9_PatientUserProfilePage@34123d65]" started-at="2024-11-06T15:28:46 IST" name="closewindow" finished-at="2024-11-06T15:28:47 IST" duration-ms="869" status="PASS">
          <reporter-output>
          </reporter-output>
        </test-method> <!-- closewindow -->
      </class> <!-- com.test.M9_PatientUserProfilePage -->
    </test> <!-- Default test -->
  </suite> <!-- Default suite -->
</testng-results>
